0 info it worked if it ends with ok
1 verbose cli [ '/usr/local/bin/node', '/usr/local/bin/npm', 'start' ]
2 info using npm@3.10.5
3 info using node@v6.3.1
4 verbose run-script [ 'prestart', 'start', 'poststart' ]
5 info lifecycle stocks@1.0.0~prestart: stocks@1.0.0
6 silly lifecycle stocks@1.0.0~prestart: no script for prestart, continuing
7 info lifecycle stocks@1.0.0~start: stocks@1.0.0
8 verbose lifecycle stocks@1.0.0~start: unsafe-perm in lifecycle true
9 verbose lifecycle stocks@1.0.0~start: PATH: /usr/local/lib/node_modules/npm/bin/node-gyp-bin:/Users/pdhar/dev/nodejs/aia/stocks/node_modules/.bin:/usr/local/bin:/Users/pdhar/dev/cloud/gocode/bin:/Users/pdhar/dev/go/gotools/bin:/usr/local/go/bin:/usr/local/bin:/usr/bin:/bin:/usr/sbin:/sbin:/Library/Java/JavaVirtualMachines/jdk1.8.0_45.jdk/Contents/Home/bin:/Users/pdhar/dev/maven/bin::/Users/pdhar/opt/tibco/ftl/ftl/4.2/bin:/Users/pdhar/dev/gradle-2.4/bin:/usr/local/packer:/opt/vagrant/bin:/Users/pdhar/bin:/Users/pdhar/dev/terraform:/usr/local/Cellar/python/2.7.10_2/bin:/Users/pdhar/bin:/usr/local/opt/go/delve/bin
10 verbose lifecycle stocks@1.0.0~start: CWD: /Users/pdhar/dev/nodejs/aia/stocks
11 silly lifecycle stocks@1.0.0~start: Args: [ '-c', 'gulp go' ]
12 silly lifecycle stocks@1.0.0~start: Returned: code: 1  signal: null
13 info lifecycle stocks@1.0.0~start: Failed to exec start script
14 verbose stack Error: stocks@1.0.0 start: `gulp go`
14 verbose stack Exit status 1
14 verbose stack     at EventEmitter.<anonymous> (/usr/local/lib/node_modules/npm/lib/utils/lifecycle.js:242:16)
14 verbose stack     at emitTwo (events.js:106:13)
14 verbose stack     at EventEmitter.emit (events.js:191:7)
14 verbose stack     at ChildProcess.<anonymous> (/usr/local/lib/node_modules/npm/lib/utils/spawn.js:40:14)
14 verbose stack     at emitTwo (events.js:106:13)
14 verbose stack     at ChildProcess.emit (events.js:191:7)
14 verbose stack     at maybeClose (internal/child_process.js:852:16)
14 verbose stack     at Process.ChildProcess._handle.onexit (internal/child_process.js:215:5)
15 verbose pkgid stocks@1.0.0
16 verbose cwd /Users/pdhar/dev/nodejs/aia/stocks
17 error Darwin 15.6.0
18 error argv "/usr/local/bin/node" "/usr/local/bin/npm" "start"
19 error node v6.3.1
20 error npm  v3.10.5
21 error code ELIFECYCLE
22 error stocks@1.0.0 start: `gulp go`
22 error Exit status 1
23 error Failed at the stocks@1.0.0 start script 'gulp go'.
23 error Make sure you have the latest version of node.js and npm installed.
23 error If you do, this is most likely a problem with the stocks package,
23 error not with npm itself.
23 error Tell the author that this fails on your system:
23 error     gulp go
23 error You can get information on how to open an issue for this project with:
23 error     npm bugs stocks
23 error Or if that isn't available, you can get their info via:
23 error     npm owner ls stocks
23 error There is likely additional logging output above.
24 verbose exit [ 1, true ]
